<?xml version="1.0" encoding="UTF-8"?>
<!-- Generated by org.testng.reporters.JUnitReportReporter -->
<testsuite hostname="Zhazguls-MacBook-Pro.local" failures="0" tests="1" name="selenium_class.TestNGIntro.TestAnnotation" time="8.086" errors="0" timestamp="2020-12-22T12:39:27 CST" skipped="0">
  <testcase classname="selenium_class.TestNGIntro.TestAnnotation" name="testA" time="8.086"/>
  <system-out/>
</testsuite> <!-- selenium_class.TestNGIntro.TestAnnotation -->
