<?xml version="1.0" encoding="UTF-8"?>
<!-- Generated by org.testng.reporters.JUnitReportReporter -->
<testsuite hostname="Zhazguls-MacBook-Pro.local" failures="0" tests="4" name="selenium_class.AlertPractice.AlertTest" time="3.954" errors="0" timestamp="2020-12-22T12:39:27 CST" skipped="0">
  <testcase classname="selenium_class.AlertPractice.AlertTest" name="validateHtmlPopup" time="2.056"/>
  <system-out/>
  <testcase classname="selenium_class.AlertPractice.AlertTest" name="validateJSDismiss" time="1.048"/>
  <system-out/>
  <testcase classname="selenium_class.AlertPractice.AlertTest" name="validateJSPromt" time="0.407"/>
  <system-out/>
  <testcase classname="selenium_class.AlertPractice.AlertTest" name="validateJSalert" time="0.443"/>
  <system-out/>
</testsuite> <!-- selenium_class.AlertPractice.AlertTest -->
